<?xml version="1.0" encoding="UTF-8"?>
<testsuite name="se.yrgo.BookCatalogTest" tests="5" skipped="0" failures="0" errors="0" timestamp="2025-11-12T10:51:05.223Z" hostname="Glaptop" time="0.13">
  <properties/>
  <testcase name="testAddABook()" classname="se.yrgo.BookCatalogTest" time="0.104"/>
  <testcase name="testFindBook()" classname="se.yrgo.BookCatalogTest" time="0.009"/>
  <testcase name="testFindBookIgnoringCase()" classname="se.yrgo.BookCatalogTest" time="0.001"/>
  <testcase name="testFindBookWithExtraSpaces()" classname="se.yrgo.BookCatalogTest" time="0.001"/>
  <testcase name="testFindBookThatDoesntExist()" classname="se.yrgo.BookCatalogTest" time="0.011"/>
  <system-out><![CDATA[]]></system-out>
  <system-err><![CDATA[]]></system-err>
</testsuite>
